<?xml version="1.0" encoding="utf-8" standalone="no"?>
<test-run id="2" testcasecount="0" result="Failed" label="Invalid" total="0" passed="0" failed="0" inconclusive="0" skipped="0" asserts="0" engine-version="3.9.0.0" clr-version="4.0.30319.42000" start-time="2019-09-10 06:55:01Z" end-time="2019-09-10 06:55:04Z" duration="2.745467">
  <command-line><![CDATA[.\packages\NUnit.ConsoleRunner.3.9.0\tools\nunit3-console.exe  .\ProjectManager.Test\bin\Release\ProjectManager.Test.dll]]></command-line>
  <test-suite type="Assembly" id="0-1" name="ProjectManager.Test.dll" fullname="C:\Users\Public\MyWork\Final Assignment\ProjectManager-master\ProjectManager.Test\bin\Release\ProjectManager.Test.dll" testcasecount="0" runstate="NotRunnable" result="Failed" label="Invalid">
    <properties>
      <property name="_SKIPREASON" value="File not found: C:\Users\Public\MyWork\Final Assignment\ProjectManager-master\ProjectManager.Test\bin\Release\ProjectManager.Test.dll" />
    </properties>
    <reason>
      <message>File not found: C:\Users\Public\MyWork\Final Assignment\ProjectManager-master\ProjectManager.Test\bin\Release\ProjectManager.Test.dll</message>
    </reason>
  </test-suite>
</test-run>